0 info it worked if it ends with ok
1 verbose cli [ 'C:\\Program Files\\nodejs\\node.exe',
1 verbose cli   'C:\\Program Files\\nodejs\\node_modules\\npm\\bin\\npm-cli.js',
1 verbose cli   'install' ]
2 info using npm@3.10.3
3 info using node@v6.3.0
4 silly loadCurrentTree Starting
5 silly install loadCurrentTree
6 silly install readLocalPackageData
7 silly install normalizeTree
8 silly loadCurrentTree Finishing
9 silly loadIdealTree Starting
10 silly install loadIdealTree
11 silly cloneCurrentTree Starting
12 silly install cloneCurrentTreeToIdealTree
13 silly cloneCurrentTree Finishing
14 silly loadShrinkwrap Starting
15 silly install loadShrinkwrap
16 silly loadShrinkwrap Finishing
17 silly loadAllDepsIntoIdealTree Starting
18 silly install loadAllDepsIntoIdealTree
19 silly fetchNamedPackageData streaming-worker-sdk
20 silly mapToRegistry name streaming-worker-sdk
21 silly mapToRegistry using default registry
22 silly mapToRegistry registry https://registry.npmjs.org/
23 silly mapToRegistry data Result {
23 silly mapToRegistry   raw: 'streaming-worker-sdk',
23 silly mapToRegistry   scope: null,
23 silly mapToRegistry   escapedName: 'streaming-worker-sdk',
23 silly mapToRegistry   name: 'streaming-worker-sdk',
23 silly mapToRegistry   rawSpec: '',
23 silly mapToRegistry   spec: 'latest',
23 silly mapToRegistry   type: 'tag' }
24 silly mapToRegistry uri https://registry.npmjs.org/streaming-worker-sdk
25 verbose request uri https://registry.npmjs.org/streaming-worker-sdk
26 verbose request no auth needed
27 info attempt registry request try #1 at 11:05:19 AM
28 verbose request id 6d8da49e3bb0146d
29 verbose etag "6K6SG3BL40J2WB5I30OBRXONW"
30 http request GET https://registry.npmjs.org/streaming-worker-sdk
31 http 304 https://registry.npmjs.org/streaming-worker-sdk
32 verbose headers { date: 'Sat, 30 Jul 2016 18:05:16 GMT',
32 verbose headers   via: '1.1 varnish',
32 verbose headers   'cache-control': 'max-age=300',
32 verbose headers   etag: '"6K6SG3BL40J2WB5I30OBRXONW"',
32 verbose headers   age: '0',
32 verbose headers   connection: 'keep-alive',
32 verbose headers   'x-served-by': 'cache-sjc3145-SJC',
32 verbose headers   'x-cache': 'MISS',
32 verbose headers   'x-cache-hits': '0',
32 verbose headers   'x-timer': 'S1469901916.639940,VS0,VE397',
32 verbose headers   vary: 'Accept-Encoding' }
33 silly get cb [ 304,
33 silly get   { date: 'Sat, 30 Jul 2016 18:05:16 GMT',
33 silly get     via: '1.1 varnish',
33 silly get     'cache-control': 'max-age=300',
33 silly get     etag: '"6K6SG3BL40J2WB5I30OBRXONW"',
33 silly get     age: '0',
33 silly get     connection: 'keep-alive',
33 silly get     'x-served-by': 'cache-sjc3145-SJC',
33 silly get     'x-cache': 'MISS',
33 silly get     'x-cache-hits': '0',
33 silly get     'x-timer': 'S1469901916.639940,VS0,VE397',
33 silly get     vary: 'Accept-Encoding' } ]
34 verbose etag https://registry.npmjs.org/streaming-worker-sdk from cache
35 verbose get saving streaming-worker-sdk to C:\Users\jrajashe\AppData\Roaming\npm-cache\registry.npmjs.org\streaming-worker-sdk\.cache.json
36 verbose correctMkdir C:\Users\jrajashe\AppData\Roaming\npm-cache correctMkdir not in flight; initializing
37 silly resolveWithNewModule streaming-worker-sdk@0.9.1 checking installable status
38 silly cache add args [ 'streaming-worker-sdk@*', null ]
39 verbose cache add spec streaming-worker-sdk@*
40 silly cache add parsed spec Result {
40 silly cache add   raw: 'streaming-worker-sdk@*',
40 silly cache add   scope: null,
40 silly cache add   escapedName: 'streaming-worker-sdk',
40 silly cache add   name: 'streaming-worker-sdk',
40 silly cache add   rawSpec: '*',
40 silly cache add   spec: '*',
40 silly cache add   type: 'range' }
41 silly addNamed streaming-worker-sdk@*
42 verbose addNamed "*" is a valid semver range for streaming-worker-sdk
43 silly addNameRange { name: 'streaming-worker-sdk', range: '*', hasData: false }
44 silly mapToRegistry name streaming-worker-sdk
45 silly mapToRegistry using default registry
46 silly mapToRegistry registry https://registry.npmjs.org/
47 silly mapToRegistry data Result {
47 silly mapToRegistry   raw: 'streaming-worker-sdk',
47 silly mapToRegistry   scope: null,
47 silly mapToRegistry   escapedName: 'streaming-worker-sdk',
47 silly mapToRegistry   name: 'streaming-worker-sdk',
47 silly mapToRegistry   rawSpec: '',
47 silly mapToRegistry   spec: 'latest',
47 silly mapToRegistry   type: 'tag' }
48 silly mapToRegistry uri https://registry.npmjs.org/streaming-worker-sdk
49 verbose addNameRange registry:https://registry.npmjs.org/streaming-worker-sdk not in flight; fetching
50 verbose get https://registry.npmjs.org/streaming-worker-sdk not expired, no request
51 silly addNameRange number 2 { name: 'streaming-worker-sdk', range: '*', hasData: true }
52 silly addNameRange versions [ 'streaming-worker-sdk', [ '0.9.0', '0.9.1' ] ]
53 silly addNamed streaming-worker-sdk@0.9.1
54 verbose addNamed "0.9.1" is a plain semver version for streaming-worker-sdk
55 silly cache afterAdd streaming-worker-sdk@0.9.1
56 verbose afterAdd C:\Users\jrajashe\AppData\Roaming\npm-cache\streaming-worker-sdk\0.9.1\package\package.json not in flight; writing
57 verbose correctMkdir C:\Users\jrajashe\AppData\Roaming\npm-cache correctMkdir not in flight; initializing
58 verbose afterAdd C:\Users\jrajashe\AppData\Roaming\npm-cache\streaming-worker-sdk\0.9.1\package\package.json written
59 silly loadAllDepsIntoIdealTree Finishing
60 silly loadIdealTree Finishing
61 silly currentTree SynCom
61 silly currentTree +-- emit-stream@0.1.2
61 silly currentTree +-- nan@2.4.0
61 silly currentTree +-- streaming-worker@1.0.1
61 silly currentTree `-- through@2.3.8
62 silly idealTree SynCom
62 silly idealTree +-- emit-stream@0.1.2
62 silly idealTree +-- nan@2.4.0
62 silly idealTree +-- streaming-worker-sdk@0.9.1
62 silly idealTree +-- streaming-worker@1.0.1
62 silly idealTree `-- through@2.3.8
63 silly generateActionsToTake Starting
64 silly install generateActionsToTake
65 silly generateActionsToTake Finishing
66 silly diffTrees action count 1
67 silly diffTrees add streaming-worker-sdk@0.9.1
68 silly decomposeActions action count 8
69 silly decomposeActions fetch streaming-worker-sdk@0.9.1
70 silly decomposeActions extract streaming-worker-sdk@0.9.1
71 silly decomposeActions test streaming-worker-sdk@0.9.1
72 silly decomposeActions preinstall streaming-worker-sdk@0.9.1
73 silly decomposeActions build streaming-worker-sdk@0.9.1
74 silly decomposeActions install streaming-worker-sdk@0.9.1
75 silly decomposeActions postinstall streaming-worker-sdk@0.9.1
76 silly decomposeActions finalize streaming-worker-sdk@0.9.1
77 silly executeActions Starting
78 silly install executeActions
79 silly doSerial global-install 0
80 silly doParallel fetch 1
81 verbose correctMkdir C:\Users\jrajashe\AppData\Roaming\npm-cache\_locks correctMkdir not in flight; initializing
82 verbose lock using C:\Users\jrajashe\AppData\Roaming\npm-cache\_locks\staging-59fdddb9c7c27b66.lock for C:\projectrelated\javascript\playground\TouchPadReaderElectronApp\SynCom\node_modules\.staging
83 silly doParallel extract 1
84 silly extract streaming-worker-sdk@0.9.1
85 verbose unbuild node_modules\.staging\streaming-worker-sdk-4fbebb4a
86 silly gentlyRm C:\projectrelated\javascript\playground\TouchPadReaderElectronApp\SynCom\node_modules\.staging\streaming-worker-sdk-4fbebb4a is being purged from base C:\projectrelated\javascript\playground\TouchPadReaderElectronApp\SynCom
87 verbose gentlyRm don't care about contents; nuking C:\projectrelated\javascript\playground\TouchPadReaderElectronApp\SynCom\node_modules\.staging\streaming-worker-sdk-4fbebb4a
88 verbose tar unpack C:\Users\jrajashe\AppData\Roaming\npm-cache\streaming-worker-sdk\0.9.1\package.tgz
89 verbose tar unpacking to C:\projectrelated\javascript\playground\TouchPadReaderElectronApp\SynCom\node_modules\.staging\streaming-worker-sdk-4fbebb4a
90 silly gentlyRm C:\projectrelated\javascript\playground\TouchPadReaderElectronApp\SynCom\node_modules\.staging\streaming-worker-sdk-4fbebb4a is being purged
91 verbose gentlyRm don't care about contents; nuking C:\projectrelated\javascript\playground\TouchPadReaderElectronApp\SynCom\node_modules\.staging\streaming-worker-sdk-4fbebb4a
92 silly gunzTarPerm modes [ '777', '666' ]
93 silly gunzTarPerm extractEntry package.json
94 silly gunzTarPerm extractEntry include_dirs.js
95 silly gunzTarPerm extractEntry readme.md
96 silly gunzTarPerm extractEntry streaming-worker.h
97 silly gentlyRm C:\projectrelated\javascript\playground\TouchPadReaderElectronApp\SynCom\node_modules\.staging\streaming-worker-sdk-4fbebb4a\node_modules is being purged
98 verbose gentlyRm don't care about contents; nuking C:\projectrelated\javascript\playground\TouchPadReaderElectronApp\SynCom\node_modules\.staging\streaming-worker-sdk-4fbebb4a\node_modules
99 silly doParallel preinstall 1
100 silly preinstall streaming-worker-sdk@0.9.1 C:\projectrelated\javascript\playground\TouchPadReaderElectronApp\SynCom\node_modules\.staging\streaming-worker-sdk-4fbebb4a
101 info lifecycle streaming-worker-sdk@0.9.1~preinstall: streaming-worker-sdk@0.9.1
102 silly lifecycle streaming-worker-sdk@0.9.1~preinstall: no script for preinstall, continuing
103 silly doReverseSerial remove 0
104 silly doSerial move 0
105 silly doSerial finalize 1
106 silly finalize C:\projectrelated\javascript\playground\TouchPadReaderElectronApp\SynCom\node_modules\streaming-worker-sdk
107 silly doSerial build 1
108 silly build streaming-worker-sdk@0.9.1
109 info linkStuff streaming-worker-sdk@0.9.1
110 silly linkStuff streaming-worker-sdk@0.9.1 has C:\projectrelated\javascript\playground\TouchPadReaderElectronApp\SynCom\node_modules as its parent node_modules
111 verbose linkBins streaming-worker-sdk@0.9.1
112 verbose linkMans streaming-worker-sdk@0.9.1
113 silly doSerial global-link 0
114 silly doParallel update-linked 0
115 silly doSerial install 1
116 silly install streaming-worker-sdk@0.9.1 C:\projectrelated\javascript\playground\TouchPadReaderElectronApp\SynCom\node_modules\.staging\streaming-worker-sdk-4fbebb4a
117 info lifecycle streaming-worker-sdk@0.9.1~install: streaming-worker-sdk@0.9.1
118 silly lifecycle streaming-worker-sdk@0.9.1~install: no script for install, continuing
119 silly doSerial postinstall 1
120 silly postinstall streaming-worker-sdk@0.9.1 C:\projectrelated\javascript\playground\TouchPadReaderElectronApp\SynCom\node_modules\.staging\streaming-worker-sdk-4fbebb4a
121 info lifecycle streaming-worker-sdk@0.9.1~postinstall: streaming-worker-sdk@0.9.1
122 silly lifecycle streaming-worker-sdk@0.9.1~postinstall: no script for postinstall, continuing
123 verbose unlock done using C:\Users\jrajashe\AppData\Roaming\npm-cache\_locks\staging-59fdddb9c7c27b66.lock for C:\projectrelated\javascript\playground\TouchPadReaderElectronApp\SynCom\node_modules\.staging
124 silly executeActions Finishing
125 silly rollbackFailedOptional Starting
126 silly rollbackFailedOptional Finishing
127 silly runTopLevelLifecycles Starting
128 silly install runTopLevelLifecycles
129 silly preinstall SynCom C:\projectrelated\javascript\playground\TouchPadReaderElectronApp\SynCom\SynCom-950d3c72
130 info lifecycle undefined~preinstall: undefined
131 silly lifecycle undefined~preinstall: no script for preinstall, continuing
132 silly build SynCom
133 info linkStuff !invalid#1
134 silly linkStuff !invalid#1 has C:\projectrelated\javascript\playground\TouchPadReaderElectronApp as its parent node_modules
135 verbose linkBins !invalid#1
136 verbose linkMans !invalid#1
137 silly install SynCom C:\projectrelated\javascript\playground\TouchPadReaderElectronApp\SynCom\SynCom-950d3c72
138 info lifecycle undefined~install: undefined
139 verbose lifecycle undefined~install: unsafe-perm in lifecycle true
140 verbose lifecycle undefined~install: PATH: C:\Program Files\nodejs\node_modules\npm\bin\node-gyp-bin;C:\projectrelated\javascript\playground\TouchPadReaderElectronApp\SynCom\node_modules\.bin;C:\Program Files\nodejs;C:\ProgramData\Oracle\Java\javapath;C:\Program Files (x86)\Intel\iCLS Client\;C:\Program Files\Intel\iCLS Client\;C:\Windows\system32;C:\Windows;C:\Windows\System32\Wbem;C:\Windows\System32\WindowsPowerShell\v1.0\;C:\Program Files\Intel\Intel(R) Management Engine Components\DAL;C:\Program Files\Intel\Intel(R) Management Engine Components\IPT;C:\Program Files (x86)\Intel\Intel(R) Management Engine Components\DAL;C:\Program Files (x86)\Intel\Intel(R) Management Engine Components\IPT;C:\Program Files (x86)\Intel\OpenCL SDK\3.0\bin\x86;C:\Program Files (x86)\Intel\OpenCL SDK\3.0\bin\x64;C:\Program Files\Lenovo\Fingerprint Manager Pro\;C:\Program Files (x86)\Common Files\Lenovo;C:\SWTOOLS\ReadyApps;C:\Program Files (x86)\Shoreline Communications\ShoreWare Client\;C:\Program Files\Microsoft\Web Platform Installer\;C:\Program Files (x86)\Microsoft ASP.NET\ASP.NET Web Pages\v1.0\;C:\Program Files\Microsoft SQL Server\110\Tools\Binn\;C:\Program Files (x86)\QuickTime\QTSystem\;c:\Program Files (x86)\Microsoft SQL Server\100\Tools\Binn\;c:\Program Files\Microsoft SQL Server\100\Tools\Binn\;c:\Program Files\Microsoft SQL Server\100\DTS\Binn\;C:\Program Files (x86)\GitExtensions\;C:\Program Files (x86)\Shoreline Communications\ShoreWare Client\win64;C:\Program Files (x86)\Microsoft SDKs\TypeScript\1.0\;C:\Program Files (x86)\Windows Kits\8.1\Windows Performance Toolkit\;C:\Program Files\Microsoft SQL Server\120\Tools\Binn\;C:\Program Files\Intel\WiFi\bin\;C:\Program Files\Common Files\Intel\WirelessCommon\;C:\Windows\system32\config\systemprofile\.dnx\bin;C:\Program Files\Microsoft DNX\Dnvm\;C:\Program Files (x86)\Git\bin;C:\Program Files\nodejs\;C:\Users\jrajashe\.dnx\bin;C:\Program Files (x86)\CVSNT\;C:\Program Files\Intel\WiFi\bin\;C:\Program Files\Common Files\Intel\WirelessCommon\;C:\Program Files (x86)\Microsoft VS Code\bin;C:\Users\jrajashe\AppData\Local\atom\bin;C:\Users\jrajashe\AppData\Roaming\npm
141 verbose lifecycle undefined~install: CWD: C:\projectrelated\javascript\playground\TouchPadReaderElectronApp\SynCom
142 silly lifecycle undefined~install: Args: [ '/d /s /c', 'node-gyp rebuild' ]
143 silly lifecycle undefined~install: Returned: code: 1  signal: null
144 info lifecycle undefined~install: Failed to exec install script
145 warn SynCom No description
146 warn SynCom No repository field.
147 warn SynCom No license field.
148 verbose stack Error: undefined install: `node-gyp rebuild`
148 verbose stack Exit status 1
148 verbose stack     at EventEmitter.<anonymous> (C:\Program Files\nodejs\node_modules\npm\lib\utils\lifecycle.js:242:16)
148 verbose stack     at emitTwo (events.js:106:13)
148 verbose stack     at EventEmitter.emit (events.js:191:7)
148 verbose stack     at ChildProcess.<anonymous> (C:\Program Files\nodejs\node_modules\npm\lib\utils\spawn.js:40:14)
148 verbose stack     at emitTwo (events.js:106:13)
148 verbose stack     at ChildProcess.emit (events.js:191:7)
148 verbose stack     at maybeClose (internal/child_process.js:852:16)
148 verbose stack     at Process.ChildProcess._handle.onexit (internal/child_process.js:215:5)
149 verbose cwd C:\projectrelated\javascript\playground\TouchPadReaderElectronApp\SynCom
150 error Windows_NT 6.1.7601
151 error argv "C:\\Program Files\\nodejs\\node.exe" "C:\\Program Files\\nodejs\\node_modules\\npm\\bin\\npm-cli.js" "install"
152 error node v6.3.0
153 error npm  v3.10.3
154 error code ELIFECYCLE
155 error undefined install: `node-gyp rebuild`
155 error Exit status 1
156 error Failed at the undefined install script 'node-gyp rebuild'.
156 error Make sure you have the latest version of node.js and npm installed.
156 error If you do, this is most likely a problem with the  package,
156 error not with npm itself.
156 error Tell the author that this fails on your system:
156 error     node-gyp rebuild
156 error You can get information on how to open an issue for this project with:
156 error     npm bugs
156 error Or if that isn't available, you can get their info via:
156 error     npm owner ls
156 error There is likely additional logging output above.
157 verbose exit [ 1, true ]
